<?xml version="1.0" encoding="UTF-8"?>
<!-- Generated by org.testng.reporters.JUnitReportReporter -->
<testsuite hostname="kavithras-macbook-pro.home" failures="0" tests="3" name="test.Search" time="84.675" errors="0" timestamp="2023-10-12T19:08:29 CEST" skipped="0">
  <testcase classname="test.Search" name="TC003_DownloadAssetPalm" time="50.713"/>
  <system-out/>
  <testcase classname="test.Search" name="TC002_ViewAssetGreenCoconut" time="21.346"/>
  <system-out/>
  <testcase classname="test.Search" name="TC001_SearchAssetNoResult" time="12.616"/>
  <system-out/>
</testsuite> <!-- test.Search -->
